<?xml version="1.0" encoding="UTF-8"?>
<!-- Generated by org.testng.reporters.JUnitXMLReporter -->
<testsuite hostname="DDC2-D-71DR9B2" ignored="1" name="TC001" tests="2" failures="0" timestamp="19 Jul 2019 11:10:19 GMT" time="0.077" errors="0">
  <testcase name="tmethod2" time="0.007" classname="pack1.ex1testclass01"/>
  <testcase name="tmethod1" time="0.002" classname="pack1.ex1testclass01"/>
  <testcase name="tmethod5" time="0.0" classname="pack1.ex1testclass01">
    <ignored/>
  </testcase> <!-- tmethod5 -->
</testsuite> <!-- TC001 -->
