<?xml version="1.0" encoding="UTF-8"?>
<!-- Generated by org.testng.reporters.JUnitXMLReporter -->
<testsuite hostname="DDC2-D-71DR9B2" ignored="0" name="Test" tests="2" failures="1" timestamp="22 Jul 2019 09:08:00 GMT" time="1.245" errors="0">
  <testcase name="excel" time="0.906" classname="pack1.exceldemo1"/>
  <testcase name="readdata" time="0.271" classname="pack1.exceldemo1">
    <failure type="java.lang.NullPointerException">
      <![CDATA[java.lang.NullPointerException
at pack1.exceldemo1.readdata(exceldemo1.java:33)
... Removed 25 stack frames]]>
    </failure>
  </testcase> <!-- readdata -->
</testsuite> <!-- Test -->
